<?xml version="1.0" encoding="UTF-8"?>
<testsuite name="WordPuzzleTest" tests="3" skipped="0" failures="0" errors="0" timestamp="2016-04-22T15:51:49" hostname="epicodus-93.local" time="0.002">
  <properties/>
  <testcase name="createPuzzle_forSentenceALPHABET_ALPHABETPuzzle" classname="WordPuzzleTest" time="0.001"/>
  <testcase name="createPuzzle_forSentenceString_String" classname="WordPuzzleTest" time="0.0"/>
  <testcase name="createPuzzle_forSentencealphabet_alphabetPuzzle" classname="WordPuzzleTest" time="0.0"/>
  <system-out><![CDATA[]]></system-out>
  <system-err><![CDATA[]]></system-err>
</testsuite>
